Drill report for /home/michael/Google Drive/Fan-Tas-Tic/Fan-Tas-Tic-PCB/Mainboard/fan_tas_tic.kicad_pcb
Created on Son 17 Jan 2016 01:36:20 CET

Copper Layer Stackup:
    =============================================================
    L1 :  F.Cu                      front
    L2 :  B.Cu                      back


Drill file 'fan_tas_tic.drl' contains
    plated through holes:
    =============================================================
    T1  0.70mm  0.028"  (6 holes)
    T2  0.75mm  0.030"  (33 holes)
    T3  0.80mm  0.031"  (58 holes)
    T4  0.81mm  0.032"  (27 holes)
    T5  0.90mm  0.035"  (8 holes)
    T6  1.00mm  0.039"  (52 holes)
    T7  1.00mm  0.039"  (56 holes)
    T8  1.02mm  0.040"  (74 holes)
    T9  1.35mm  0.053"  (16 holes)
    T10  1.50mm  0.059"  (6 holes)
    T11  3.00mm  0.118"  (4 holes)

    Total plated holes count 340


Drill file 'fan_tas_tic-NPTH.drl' contains
    unplated through holes:
    =============================================================

    Total unplated holes count 0
